---------------------------------------------
PIC ASSEMBLER LISTING
Line    Address Opcode  Instruction
---------------------------------------------
0001    0000            	ORG   0      		;DIRECTIVA Origen del programa
0002    0000    1683    	bsf   STATUS,5  	;CAMBIO DE BANCO para configurar el Micro
0003    0001    0185    	clrf   TRISA      	;Todo en 0(8 bit)
0004    0002    0186    	clrf   TRISB      	;Todo en 0(8 bit)
0005    0003    3047    	movlw   b'1000111'
0006    0004    0081    	movwf   option	         
0007    0005    1405    	bsf   PORTA,0      	;para precionar entradas
0008    0006    1485    	bsf   PORTA,1      	;para precionar
0009    0007    1505    	bsf   PORTA,2      	;para precionar
0010    0008    1585    	bsf   PORTA,3      	;para precionar 
0011    0009    1605    	bsf   PORTA,4      	;para precionar  
0012    000A                   
0013    000A    1006    	bcf   PORTB,0      	;Salidas
0014    000B    1086    	bcf   PORTB,1
0015    000C    1106    	bcf   PORTB,2
0016    000D    1186    	bcf   PORTB,3
0017    000E    1206    	bcf   PORTB,4
0018    000F            
0019    000F    1283    	bcf   STATUS,5   	;CAMBIO DE BANCO
0020    0010    3007       	movlw	.7
0021    0011    009F    	movwf	CMCON
0022    0012            	;cierro el terminal de datos-------------------------------------------
0023    0012    0185    	clrf   PORTA      ;TODO EN 0
0024    0013    0186    	clrf   PORTB      ;TODO EN 0
0025    0014            
0026    0014            	;comandos para la Funcion velocidad----------------------------------------
0027    0014    3001    	movlw   .1
0028    0015    00AA    	movwf   2ah
0029    0016    3002    	movlw   .2
0030    0017    00AB    	movwf   2bh
0031    0018    3003    	movlw   .3
0032    0019    00AC    	movwf   2ch
0033    001A    3004    	movlw   .4
0034    001B    00AD    	movwf   2dh
0035    001C    3005    	movlw   .5
0036    001D    00AE    	movwf   2eh
0037    001E            
0038    001E            	;configuraciones de los colores a prender--------------------------------------
0039    001E    1406    	bsf   portb,0      ;Verde prende
0040    001F    0806    	movfw   portb
0041    0020    00BA    	movwf   3ah
0042    0021    0186    	clrf   PORTB      ;TODO EN 0 
0043    0022    24D3    	call	demora1
0044    0023            
0045    0023    1486    	bsf   portb,1      ;Amarillo prende
0046    0024    0806    	movfw   portb
0047    0025    00BB    	movwf   3bh
0048    0026    0186    	clrf   PORTB      ;TODO EN 0  
0049    0027    24D3    	call	demora1  
0050    0028                  
0051    0028    1506    	bsf   portb,2      ;Azul prende
0052    0029    0806    	movfw   portb
0053    002A    00BC    	movwf   3ch
0054    002B    0186    	clrf   PORTB      ;TODO EN 0    
0055    002C    24D3    	call	demora1
0056    002D                   
0057    002D    1586    	bsf   portb,3      ;Rojo prende
0058    002E    0806    	movfw   portb
0059    002F    00BD    	movwf   3dh
0060    0030    0186    	clrf   PORTB      ;TODO EN 0
0061    0031    24D3    	call	demora1
0062    0032            
0063    0032    1606    	bsf   portb,4      ;Blanco prende
0064    0033    0806    	movfw   portb
0065    0034    00BE    	movwf   3eh
0066    0035    0186    	clrf   PORTB      ;TODO EN 0
0067    0036    24D3    	call	demora1
0068    0037            
0069    0037    1C05    inicio  btfss   porta,0		;Empesando con el sistema de velocidades, a elegir velocidad por colores--------  
0070    0038    283F    	goto   	NO      		;Sigue preguntando por los otros      
0071    0039    24D3    	call   	demora1     	;Si es si va por una velocidad de 1 segundo
0072    003A    1805    no1     btfsc   porta,0      	;Pregunto si solto el boton.
0073    003B    283A    	goto   	no1     		;pregunto cuando lo suelto
0074    003C    3001    	movlw   .1      	;pongo .1 para indentificar la velocidades en la funcion de velocidad
0075    003D    00B1    	movwf   31H      	;variable entre .1 a .5
0076    003E    2865    	goto   	F30      		;Funcion velocidad
0077    003F              
0078    003F    1C85    NO      btfss   porta,1      	;pregunto por la segunda velocidad de 0,8 seg----------------------------------
0079    0040    2847    	goto   NO2
0080    0041    24D3    	CALL   demora1      	;Si es si
0081    0042    1885    NO3     btfsc   porta,1
0082    0043    2842    	goto   	NO3      	;pregunto cuando lo suelto
0083    0044    3002    	movlw   .2
0084    0045    00B1    	movwf   31H
0085    0046    2865    	goto   	F30     		;Funcion velocidad
0086    0047            
0087    0047    1D05    NO2     btfss   porta,2      	;pregunto por la tercera velocidad que es 0,6 seg------------------------------
0088    0048    284F    	goto   	NO4
0089    0049    24D3    	call   	demora1
0090    004A    1905    no5     btfsc   porta,2
0091    004B    284A    	goto   	no5
0092    004C    3003    	movlw   .3
0093    004D    00B1    	movwf   31H
0094    004E    2865    	goto  	F30
0095    004F            
0096    004F    1D85    NO4     btfss   porta,3      	;pregunto por la tercera velocidad que es 0,5 seg-------------------------------  
0097    0050    2857    	goto   	no6
0098    0051    24D3    	call    demora1
0099    0052    1985    no7     btfsc   porta,3
0100    0053    2852    	goto  	no7
0101    0054    3004    	movlw   .4
0102    0055    00B1    	movwf   31H
0103    0056    2865    	goto   	F30
0104    0057                 
0105    0057    1E05    no6   	btfss   porta,4      	;pregunto por la tercera velocidad que es 0,4 seg-------------------------------
0106    0058    285F    	goto   	no9      	;Me vuelvo para el principio (no se toco nada)
0107    0059    24D3    	call    demora1
0108    005A    1A05    no8     btfsc   porta,4
0109    005B    285A    	goto   	no8
0110    005C    3005    	movlw   .5
0111    005D    00B1    	movwf   31H
0112    005E    2865    	goto   	F30
0113    005F            
0114    005F    3001    no9	movlw	.1
0115    0060    07C9    	addwf	49h,f
0116    0061    3002    	movlw	.2
0117    0062    07C8    	addwf	48h,f
0118    0063    24EC    	call	demora3
0119    0064    2837    	goto	inicio
0120    0065            
0121    0065            	;Funcion aleatorio de desconteo de 49H-----------------------------------------------------------	
0122    0065    0186    F30	clrf   PORTB      	;TODO EN 0
0123    0066    3001    	movlw	.1		;Repite la operacion hasta dar cero
0124    0067    02C9    	subwf	49h,f
0125    0068    1D03    	btfss	status,2	;pregunta si la cuenta dio cero
0126    0069    286F    	goto	no209
0127    006A    083A    	movfw	3ah		;mantiene el color adentro (verde)
0128    006B    00AA    	movwf	aah		;lo usara despues para mostrarlo en la segunda fase
0129    006C    3001    	movlw	.1		;el .1 equivale al color
0130    006D    00A9    	movwf	a9h		;se guardara en 4bh para luego en la resta se dira si fue correcto o no
0131    006E    2893    	goto	f12		;funcion de saber si se preciono bien o no
0132    006F            
0133    006F    3001    no209	movlw	.1		;Repite la operacion hasta dar cero
0134    0070    02C9    	subwf	49h,f
0135    0071    1D03    	btfss	status,2	;pregunta si la cuenta dio cero
0136    0072    2878    	goto	no219
0137    0073    083B    	movfw	3bh		;mantiene el color adentro (verde)
0138    0074    00AA    	movwf	aah		;lo usara despues para mostrarlo en la segunda fase
0139    0075    3002    	movlw	.2		;el .1 equivale al color
0140    0076    00A9    	movwf	a9h		;se guardara en 4bh para luego en la resta se dira si fue correcto o no
0141    0077    2893    	goto	f12		;funcion de saber si se preciono bien o no
0142    0078            	
0143    0078    3001    no219	movlw	.1		;Repite la operacion hasta dar cero
0144    0079    02C9    	subwf	49h,f
0145    007A    1D03    	btfss	status,2	;pregunta si la cuenta dio cero
0146    007B    2881    	goto	no229
0147    007C    083C    	movfw	3ch		;mantiene el color adentro (verde)
0148    007D    00AA    	movwf	aah		;lo usara despues para mostrarlo en la segunda fase
0149    007E    3003    	movlw	.3		;el .1 equivale al color
0150    007F    00A9    	movwf	a9h		;se guardara en 4bh para luego en la resta se dira si fue correcto o no
0151    0080    2893    	goto	f12		;funcion de saber si se preciono bien o no
0152    0081            
0153    0081    3001    no229	movlw	.1		;Repite la operacion hasta dar cero
0154    0082    02C9    	subwf	49h,f
0155    0083    1D03    	btfss	status,2	;pregunta si la cuenta dio cero
0156    0084    288A    	goto	no239
0157    0085    083D    	movfw	3dh		;mantiene el color adentro (verde)
0158    0086    00AA    	movwf	aah		;lo usara despues para mostrarlo en la segunda fase
0159    0087    3004    	movlw	.4		;el .1 equivale al color
0160    0088    00A9    	movwf	a9h		;se guardara en 4bh para luego en la resta se dira si fue correcto o no
0161    0089    2893    	goto	f12		;funcion de saber si se preciono bien o no
0162    008A            
0163    008A    3001    no239	movlw	.1		;Repite la operacion hasta dar cero
0164    008B    02C9    	subwf	49h,f
0165    008C    1D03    	btfss	status,2	;pregunta si la cuenta dio cero
0166    008D    2865    	goto	F30
0167    008E    083E    	movfw	3eh		;mantiene el color adentro (verde)
0168    008F    00AA    	movwf	aah		;lo usara despues para mostrarlo en la segunda fase
0169    0090    3005    	movlw	.5		;el .1 equivale al color
0170    0091    00A9    	movwf	a9h		;se guardara en 4bh para luego en la resta se dira si fue correcto o no
0171    0092    2893    	goto	f12		
0172    0093            
0173    0093            f12	;Segunda pregunta para la otra secuencia------------------------------------------------------
0174    0093    1406    	bsf   portb,0      	;Verde prende
0175    0094    0806    	movfw   portb
0176    0095    00BA    	movwf   3ah
0177    0096    0186    	clrf   PORTB      	;TODO EN 0 
0178    0097    1486    	bsf   portb,1      	;Amarillo prende
0179    0098    0806    	movfw   portb
0180    0099    00BB    	movwf   3bh
0181    009A    0186    	clrf   PORTB      	;TODO EN 0         
0182    009B    1506    	bsf   portb,2      	;Azul prende
0183    009C    0806    	movfw   portb
0184    009D    00BC    	movwf   3ch
0185    009E    0186    	clrf   PORTB      	;TODO EN 0           
0186    009F    1586    	bsf   portb,3      	;Rojo prende
0187    00A0    0806    	movfw   portb
0188    00A1    00BD    	movwf   3dh
0189    00A2    0186    	clrf   PORTB      	;TODO EN 0
0190    00A3    1606    	bsf   portb,4      	;Blanco prende
0191    00A4    0806    	movfw   portb
0192    00A5    00BE    	movwf   3eh
0193    00A6    0186    	clrf   PORTB      	;TODO EN 0
0194    00A7            
0195    00A7    3001    Fram	movlw	.1		;Repite la operacion hasta dar cero
0196    00A8    02C8    	subwf	48h,f
0197    00A9    1D03    	btfss	status,2	;pregunta si la cuenta dio cero
0198    00AA    28B0    	goto	no119
0199    00AB    083A    	movfw	3ah		;mantiene el color adentro (verde)
0200    00AC    00AB    	movwf	abh		;lo usara despues para mostrarlo en la segunda fase
0201    00AD    3001    	movlw	.1		;el .1 equivale al color
0202    00AE    00A8    	movwf	a8h		;se guardara en 4bh para luego en la resta se dira si fue correcto o no
0203    00AF    28D4    	goto	p11		;funcion de saber si se preciono bien o no
0204    00B0            
0205    00B0    3001    no119	movlw	.1		;Repite la operacion hasta dar cero
0206    00B1    02C8    	subwf	48h,f
0207    00B2    1D03    	btfss	status,2	;pregunta si la cuenta dio cero
0208    00B3    28B9    	goto	no129
0209    00B4    083B    	movfw	3bh		;mantiene el color adentro (verde)
0210    00B5    00AB    	movwf	abh		;lo usara despues para mostrarlo en la segunda fase
0211    00B6    3002    	movlw	.2		;el .1 equivale al color
0212    00B7    00A8    	movwf	a8h		;se guardara en 4bh para luego en la resta se dira si fue correcto o no
0213    00B8    28D4    	goto	p11		;funcion de saber si se preciono bien o no
0214    00B9            	
0215    00B9    3001    no129	movlw	.1		;Repite la operacion hasta dar cero
0216    00BA    02C8    	subwf	48h,f
0217    00BB    1D03    	btfss	status,2	;pregunta si la cuenta dio cero
0218    00BC    28C2    	goto	no139
0219    00BD    083C    	movfw	3ch		;mantiene el color adentro (verde)
0220    00BE    00AB    	movwf	abh		;lo usara despues para mostrarlo en la segunda fase
0221    00BF    3003    	movlw	.3		;el .1 equivale al color
0222    00C0    00A8    	movwf	a8h		;se guardara en 4bh para luego en la resta se dira si fue correcto o no
0223    00C1    28D4    	goto	p11		;funcion de saber si se preciono bien o no
0224    00C2            
0225    00C2    3001    no139	movlw	.1		;Repite la operacion hasta dar cero
0226    00C3    02C8    	subwf	48h,f
0227    00C4    1D03    	btfss	status,2	;pregunta si la cuenta dio cero
0228    00C5    28CB    	goto	no149
0229    00C6    083D    	movfw	3dh		;mantiene el color adentro (verde)
0230    00C7    00AB    	movwf	abh		;lo usara despues para mostrarlo en la segunda fase
0231    00C8    3004    	movlw	.4		;el .1 equivale al color
0232    00C9    00A8    	movwf	a8h		;se guardara en 4bh para luego en la resta se dira si fue correcto o no
0233    00CA    28D4    	goto	p11		;funcion de saber si se preciono bien o no
0234    00CB            
0235    00CB    3001    no149	movlw	.1		;Repite la operacion hasta dar cero
0236    00CC    02C8    	subwf	48h,f
0237    00CD    1D03    	btfss	status,2	;pregunta si la cuenta dio cero
0238    00CE    28A7    	goto	fram
0239    00CF    083E    	movfw	3eh		;mantiene el color adentro (verde)
0240    00D0    00AB    	movwf	abh		;lo usara despues para mostrarlo en la segunda fase
0241    00D1    3005    	movlw	.5		;el .1 equivale al color
0242    00D2    00A8    	movwf	a8h		;se guardara en 4bh para luego en la resta se dira si fue correcto o no
0243    00D3    28D4    	goto	p11		
0244    00D4            	       	
0245    00D4            p11    ;Fin de la desconteo para lo aleatorio, empiesa el comando de velocidad---------------- 
0246    00D4    082A    	movfw   2AH  		   
0247    00D5    0231    	subwf   31H,W		;.1 - .1 deberia dar cero si se preciono porta,0
0248    00D6    1D03    	btfss   status,2   	;Z = 1   el resultado dio cero
0249    00D7    28DD    	goto   	NO99     	;Z no vale 0, pregunto por los otros
0250    00D8    3014    	movlw   .20      	;.20 es que repite 20 veses 50mseg, Si el resultado da cero la velocidad es de 1seg
0251    00D9    00B0    	movwf   30h      	;Donde pongo el dato de .20, variable del timer
0252    00DA    303D    	movlw   .61      	;50 mseg
0253    00DB    00B1    	movwf   31h      	;Donde pongo el dato de .61=50mseg, variable del timer
0254    00DC    2901    	goto   juego      	;Empiesa el juego
0255    00DD            
0256    00DD    082B    NO99    movfw   2BH      	;.2 - .1 deberia dar cero si se preciono porta,0----------------------------------
0257    00DE    0231    	subwf   31H,W
0258    00DF    1D03    	btfss   status,2   	;Z = 1   el resultado dio cero
0259    00E0    28E6    	goto   NO10      	;Z no vale 0, pregunto por los otros
0260    00E1    3010    	movlw   .16      	;.16 es que repite 16 veses 50mseg, Si el resultado da cero la velocidad es de 0,8seg
0261    00E2    00B0    	movwf   30h      	;Donde pongo el dato de .16, variable del timer
0262    00E3    303D    	movlw   .61      	;50 mseg
0263    00E4    00B1    	movwf   31h      	;Donde pongo el dato de .61=50mseg, variable del timer
0264    00E5    2901    	goto   juego      	;Empiesa el juego
0265    00E6               	
0266    00E6    082C    NO10    movfw   2CH  		;Comando de velocidad numero 3---------------------------------------------    
0267    00E7    0231    	subwf   31H,W		;.3 - .1 deberia dar cero si se preciono porta,0
0268    00E8    1D03    	btfss   status,2   	;Z = 1   el resultado dio cero
0269    00E9    28EF    	goto   NO11      	;Z no vale 0, pregunto por los otros
0270    00EA    300C    	movlw   .12      	;.12 es que repite 12 veses 50mseg, Si el resultado da cero la velocidad es de 0,6seg
0271    00EB    00B0    	movwf   30h      	;Donde pongo el dato de .12, variable del timer
0272    00EC    303D    	movlw   .61      	;50 mseg
0273    00ED    00B1    	movwf   31h      	;Donde pongo el dato de .61=50mseg, variable del timer
0274    00EE    2901    	goto   juego      	;Empiesa el juego
0275    00EF            	
0276    00EF    082D    NO11    movfw   2DH		;Comando de velocidad numero 4---------------------------------------------
0277    00F0    0231    	subwf   31H,W		;.4 - .1 deberia dar cero si se preciono porta,0
0278    00F1    1D03    	btfss   status,2   	;Z = 1   el resultado dio cero
0279    00F2    28F8    	goto   NO12      	;Z no vale 0, pregunto por los otros
0280    00F3    300A    	movlw   .10      	;.10 es que repite 10 veses 50mseg, Si el resultado da cero la velocidad es de 0,5seg
0281    00F4    00B0    	movwf   30h      	;Donde pongo el dato de .10, variable del timer
0282    00F5    303D    	movlw   .61      	;50 mseg
0283    00F6    00B1    	movwf   31h      	;Donde pongo el dato de .61=50mseg, variable del timer
0284    00F7    2901    	goto   juego      	;Empiesa el juego
0285    00F8                       	
0286    00F8    082E    NO12    movfw   2EH		;Comando de velocidad numero 5-------------------------------------------	
0287    00F9    0231    	subwf   31H,W		;.5 - .1 deberia dar cero si se preciono porta,0
0288    00FA    1D03    	btfss   status,2   	;Z = 1   el resultado dio cero
0289    00FB    2837    	goto   inicio      	;Z no vale 0, pregunto por los otros
0290    00FC    3008    	movlw   .8      	;.8 es que repite 8 veses 50mseg, Si el resultado da cero la velocidad es de 0,4seg
0291    00FD    00B0    	movwf   30h      	;Donde pongo el dato de .8, variable del timer
0292    00FE    303D    	movlw   .61      	;50 mseg
0293    00FF    00B1    	movwf   31h      	;Donde pongo el dato de .61=50mseg, variable del timer
0294    0100    2901    	goto   juego      	;Empiesa el juego
0295    0101                    	            	        
0296    0101            	;Inicio del juego-----------------------------------------------------------------------------------------        
0297    0101    0186    juego   clrf   	portb    	;EMPIESA EL JUEGO Codigo de muestreo-------------------------------------  
0298    0102    24E0    	call	demora2
0299    0103    082A    	movfw	aah
0300    0104    0086    	movwf	portb
0301    0105    24C7    	call   	demorav      	;Demora variable
0302    0106    0186    	clrf	portb     	;Apaga el verde
0303    0107    24E0    	call	demora2
0304    0108    082B    	movfw	abh
0305    0109    0086    	movwf	portb
0306    010A    24C7    	call	demorav
0307    010B    0186    	clrf	portb
0308    010C    24E0    	call	demora2
0309    010D    3002    	movlw	.2
0310    010E    00A0    	movwf	20h
0311    010F            
0312    010F    1406    	bsf   portb,0      	;Verde prende
0313    0110    0806    	movfw   portb
0314    0111    00BA    	movwf   3ah
0315    0112    0186    	clrf   PORTB      	;TODO EN 0 
0316    0113    1486    	bsf   portb,1      	;Amarillo prende
0317    0114    0806    	movfw   portb
0318    0115    00BB    	movwf   3bh
0319    0116    0186    	clrf   PORTB      	;TODO EN 0         
0320    0117    1506    	bsf   portb,2      	;Azul prende
0321    0118    0806    	movfw   portb
0322    0119    00BC    	movwf   3ch
0323    011A    0186    	clrf   PORTB      	;TODO EN 0           
0324    011B    1586    	bsf   portb,3      	;Rojo prende
0325    011C    0806    	movfw   portb
0326    011D    00BD    	movwf   3dh
0327    011E    0186    	clrf   PORTB      	;TODO EN 0
0328    011F    1606    	bsf   portb,4      	;Blanco prende
0329    0120    0806    	movfw   portb
0330    0121    00BE    	movwf   3eh
0331    0122    0186    	clrf   PORTB      	;TODO EN 0
0332    0123            j1	
0333    0123    1C05    	btfss   porta,0		;Primera pregunta--------------------------------------------------------	
0334    0124    292C    	goto   no13		;si es no me voy a preguntar por los otros puertos
0335    0125    3001    	movlw   .1		;si es si
0336    0126    00C0    	movwf   40h		;variable para restar despues
0337    0127    1406    	bsf   portb,0		;Prende el color del puertob,0
0338    0128    24D3          	call   demora1		;Anti rebote de 50mseg
0339    0129    1805    w1	btfsc   porta,0		;primera pregunta aleatoria
0340    012A    2929    	goto	w1
0341    012B    2956    	goto	r11		;es la parte donde se le resta para hacer lo de aleatorio
0342    012C            				     	
0343    012C    1C85    no13    btfss   porta,1   	;pregunta por el otro pulsador------------------------------------------   
0344    012D    2935    	goto    no14      	;si es no me voy a preguntar por los otros puertos
0345    012E    3002    	movlw   .2      	;si es si
0346    012F    00C0    	movwf   40h      	;variable para restar despues
0347    0130    1486    	bsf	portb,1      	;Prende el color del puertob,1
0348    0131    24D3          	call	demora1		;Anti rebote de 50mseg
0349    0132    1885    w2	btfsc   porta,1		;primera pregunta aleatoria
0350    0133    2932    	goto	w2
0351    0134    2956    	goto	r11         	
0352    0135            
0353    0135    1D05    no14    btfss   porta,2      	;pregunta por el otro pulsador------------------------------------------
0354    0136    293E    	goto   no15      	;si es no me voy a preguntar por los otros puertos
0355    0137    3003    	movlw   .3      	;si es si
0356    0138    00C0    	movwf   40h      	;variable para restar despues
0357    0139    1506    	bsf   portb,2      	;Prende el color del puertob,2
0358    013A    24D3         	call   demora1      ;Anti rebote de 50mseg
0359    013B    1905    w3	btfsc   porta,2      ;primera pregunta aleatoria
0360    013C    293B    	goto	w3
0361    013D    2956    	goto	r11
0362    013E            	
0363    013E    1D85    no15    btfss   porta,3      ;pregunta por el otro pulsador------------------------------------------
0364    013F    2947    	goto   no16      ;si es no me voy a preguntar por los otros puertos
0365    0140    3004    	movlw   .4      ;si es si
0366    0141    00C0    	movwf   40h      ;variable para restar despues
0367    0142    1586    	bsf   portb,3      ;Prende el color del puertob,3         
0368    0143    24D3          	call   demora1      ;Anti rebote de 50mseg
0369    0144    1985    w4	btfsc   porta,3      ;primera pregunta aleatoria
0370    0145    2944    	goto	w4
0371    0146    2956    	goto	r11	   	
0372    0147            
0373    0147    1E05    no16	btfss   porta,4      ;pregunta por el otro pulsador------------------------------------------
0374    0148    2950    	goto    k1      ;si es no me voy a preguntar por los otros puertos
0375    0149    3005    	movlw   .5      ;si es si
0376    014A    00C0    	movwf   40h      ;variable para restar despues
0377    014B    1606    	bsf	portb,4      ;Prende el color del puertob,4 
0378    014C            	;Primera pregunta de la funcion aleatoria---------------------------------------------------------
0379    014C    24D3    	call   demora1      ;Anti rebote de 50mseg
0380    014D    1A05    w5	btfsc   porta,4      ;primera pregunta aleatoria
0381    014E    294D    	goto	w5
0382    014F    2956    	goto	r11
0383    0150            	
0384    0150    3002    k1	movlw	.2		;para hacer el tiempo de aleatorio
0385    0151    07C8    	addwf	48h,f		;Se le suma .1 al 49h que es una memoria
0386    0152    3001    	movlw	.1		;para hacer el tiempo de aleatorio
0387    0153    07C9    	addwf	49h,f		;Se le suma .1 al 49h que es una memoria
0388    0154    24EC    	call	demora3
0389    0155    2923    	goto	j1		
0390    0156            
0391    0156            	;Funcion aleatorio de desconteo de 49H-----------------------------------------------------------------
0392    0156    24D3    r11	call	demora1	
0393    0157    0186    	clrf 	portb
0394    0158    3001    R1	movlw	.1		;Repite la operacion hasta dar cero
0395    0159    02C9    	subwf	49h,f
0396    015A    1D03    	btfss	status,2	;pregunta si la cuenta dio cero
0397    015B    2961    	goto	no22
0398    015C    083A    	movfw	3ah		;mantiene el color adentro (verde)
0399    015D    00DC    	movwf	5ch		;lo usara despues para mostrarlo en la segunda fase
0400    015E    3001    	movlw	.1		;el .1 equivale al color
0401    015F    00CC    	movwf	4ch		;se guardara en 4bh para luego en la resta se dira si fue correcto o no
0402    0160    2985    	goto	pp		;funcion de saber si se preciono bien o no
0403    0161            
0404    0161    3001    no22	movlw	.1		;Repite la operacion hasta dar cero
0405    0162    02C9    	subwf	49h,f
0406    0163    1D03    	btfss	status,2	;pregunta si la cuenta dio cero
0407    0164    296A    	goto	no23
0408    0165    083B    	movfw	3bh		;mantiene el color adentro (verde)
0409    0166    00DC    	movwf	5ch		;lo usara despues para mostrarlo en la segunda fase
0410    0167    3002    	movlw	.2		;el .1 equivale al color
0411    0168    00CC    	movwf	4ch		;se guardara en 4bh para luego en la resta se dira si fue correcto o no
0412    0169    2985    	goto	pp		;funcion de saber si se preciono bien o no	
0413    016A            
0414    016A    3001    no23	movlw	.1		;Repite la operacion hasta dar cero
0415    016B    02C9    	subwf	49h,f
0416    016C    1D03    	btfss	status,2	;pregunta si la cuenta dio cero
0417    016D    2973    	goto	no24
0418    016E    083C    	movfw	3ch		;mantiene el color adentro (verde)
0419    016F    00DC    	movwf	5ch		;lo usara despues para mostrarlo en la segunda fase
0420    0170    3003    	movlw	.3		;el .1 equivale al color
0421    0171    00CC    	movwf	4ch		;se guardara en 4bh para luego en la resta se dira si fue correcto o no
0422    0172    2985    	goto	pp		;funcion de saber si se preciono bien o no
0423    0173            
0424    0173    3001    no24	movlw	.1		;Repite la operacion hasta dar cero
0425    0174    02C9    	subwf	49h,f
0426    0175    1D03    	btfss	status,2	;pregunta si la cuenta dio cero
0427    0176    297C    	goto	no25
0428    0177    083D    	movfw	3dh		;mantiene el color adentro (verde)
0429    0178    00DC    	movwf	5ch		;lo usara despues para mostrarlo en la segunda fase
0430    0179    3004    	movlw	.4		;el .1 equivale al color
0431    017A    00CC    	movwf	4ch		;se guardara en 4bh para luego en la resta se dira si fue correcto o no
0432    017B    2985    	goto	pp		;funcion de saber si se preciono bien o no
0433    017C            
0434    017C    3001    no25	movlw	.1		;Repite la operacion hasta dar cero
0435    017D    02C9    	subwf	49h,f
0436    017E    1D03    	btfss	status,2	;pregunta si la cuenta dio cero
0437    017F    2958    	goto	R1
0438    0180    083E    	movfw	3eh		;mantiene el color adentro (verde)
0439    0181    00DC    	movwf	5ch		;lo usara despues para mostrarlo en la segunda fase
0440    0182    3005    	movlw	.5		;el .1 equivale al color
0441    0183    00CC    	movwf	4ch		;se guardara en 4bh para luego en la resta se dira si fue correcto o no
0442    0184    2985    	goto	pp		;funcion de saber si se preciono bien o no
0443    0185            
0444    0185            	;configuraciones de los colores a prender
0445    0185    1406    pp	bsf   portb,0      ;Verde prende
0446    0186    0806    	movfw   portb
0447    0187    00BA    	movwf   3ah
0448    0188    0186    	clrf   PORTB      ;TODO EN 0 
0449    0189    1486    	bsf   portb,1      ;Amarillo prende
0450    018A    0806    	movfw   portb
0451    018B    00BB    	movwf   3bh
0452    018C    0186    	clrf   PORTB      ;TODO EN 0          
0453    018D    1506    	bsf   portb,2      ;Azul prende
0454    018E    0806    	movfw   portb
0455    018F    00BC    	movwf   3ch
0456    0190    0186    	clrf   PORTB      ;TODO EN 0           
0457    0191    1586    	bsf   portb,3      ;Rojo prende
0458    0192    0806    	movfw   portb
0459    0193    00BD    	movwf   3dh
0460    0194    0186    	clrf   PORTB      ;TODO EN 0
0461    0195    1606    	bsf   portb,4      ;Blanco prende
0462    0196    0806    	movfw   portb
0463    0197    00BE    	movwf   3eh
0464    0198    0186    	clrf   PORTB      ;TODO EN 0
0465    0199            
0466    0199    3001    R2	movlw	.1		;Repite la operacion hasta dar cero
0467    019A    02C8    	subwf	48h,f
0468    019B    1D03    	btfss	status,2	;pregunta si la cuenta dio cero
0469    019C    29A2    	goto	no26
0470    019D    083A    	movfw	3ah		;mantiene el color adentro (verde)
0471    019E    00DD    	movwf	5dh		;lo usara despues para mostrarlo en la segunda fase
0472    019F    3001    	movlw	.1		;el .1 equivale al color
0473    01A0    00CD    	movwf	4dh		;se guardara en 4bh para luego en la resta se dira si fue correcto o no
0474    01A1    29C6    	goto	p		;funcion de saber si se preciono bien o no
0475    01A2            
0476    01A2    3001    no26	movlw	.1		;Repite la operacion hasta dar cero
0477    01A3    02C8    	subwf	48h,f
0478    01A4    1D03    	btfss	status,2	;pregunta si la cuenta dio cero
0479    01A5    29AB    	goto	no27
0480    01A6    083B    	movfw	3bh		;mantiene el color adentro (verde)
0481    01A7    00DD    	movwf	5dh		;lo usara despues para mostrarlo en la segunda fase
0482    01A8    3002    	movlw	.2		;el .1 equivale al color
0483    01A9    00CD    	movwf	4dh		;se guardara en 4bh para luego en la resta se dira si fue correcto o no
0484    01AA    29C6    	goto	p		;funcion de saber si se preciono bien o no
0485    01AB            	
0486    01AB    3001    no27	movlw	.1		;Repite la operacion hasta dar cero
0487    01AC    02C8    	subwf	48h,f
0488    01AD    1D03    	btfss	status,2	;pregunta si la cuenta dio cero
0489    01AE    29B4    	goto	no28
0490    01AF    083C    	movfw	3ch		;mantiene el color adentro (verde)
0491    01B0    00DD    	movwf	5dh		;lo usara despues para mostrarlo en la segunda fase
0492    01B1    3003    	movlw	.3		;el .1 equivale al color
0493    01B2    00CD    	movwf	4dh		;se guardara en 4bh para luego en la resta se dira si fue correcto o no
0494    01B3    29C6    	goto	p		;funcion de saber si se preciono bien o no
0495    01B4            
0496    01B4    3001    no28	movlw	.1		;Repite la operacion hasta dar cero
0497    01B5    02C8    	subwf	48h,f
0498    01B6    1D03    	btfss	status,2	;pregunta si la cuenta dio cero
0499    01B7    29BD    	goto	no29
0500    01B8    083D    	movfw	3dh		;mantiene el color adentro (verde)
0501    01B9    00DD    	movwf	5dh		;lo usara despues para mostrarlo en la segunda fase
0502    01BA    3004    	movlw	.4		;el .1 equivale al color
0503    01BB    00CD    	movwf	4dh		;se guardara en 4bh para luego en la resta se dira si fue correcto o no
0504    01BC    29C6    	goto	p		;funcion de saber si se preciono bien o no
0505    01BD            
0506    01BD    3001    no29	movlw	.1		;Repite la operacion hasta dar cero
0507    01BE    02C8    	subwf	48h,f
0508    01BF    1D03    	btfss	status,2	;pregunta si la cuenta dio cero
0509    01C0    2999    	goto	R2
0510    01C1    083E    	movfw	3eh		;mantiene el color adentro (verde)
0511    01C2    00DD    	movwf	5dh		;lo usara despues para mostrarlo en la segunda fase
0512    01C3    3005    	movlw	.5		;el .1 equivale al color
0513    01C4    00CD    	movwf	4dh		;se guardara en 4bh para luego en la resta se dira si fue correcto o no
0514    01C5    29C6    	goto	p		;funcion de saber si se preciono bien o no	
0515    01C6            
0516    01C6    3001    p   	movlw	.1		;Empiesa a preguntar si el pulsador presioado es el correcto--------------------
0517    01C7    02A0    	subwf	20h,f
0518    01C8    1D03    	btfss	status,2
0519    01C9    29CF    	goto	no30
0520    01CA    0840    	movfw	40h
0521    01CB    0228    	subwf	a8h,w
0522    01CC    1D03    	btfss	status,2
0523    01CD    2C9B    	goto	perdi
0524    01CE    29D4    	goto	bien1
0525    01CF            
0526    01CF    0840    no30	movfw	40h		;varia dependiendo que boton precione (.1 deberia ser)
0527    01D0    0229    	subwf	a9h,w		;mantiene en forma permanente el .1
0528    01D1    1D03    	btfss	status,2	;pregunta si da cero
0529    01D2    2C9B    	goto	Perdi		
0530    01D3    2923    	goto	j1
0531    01D4            	
0532    01D4            	;Segunda fase del simon say---------------------------------------------------------------------	
0533    01D4    0186    bien1	clrf   	portb      ;limpia el puerto b por las dudas
0534    01D5    082A    	movfw	aah
0535    01D6    0086    	movwf	portb
0536    01D7    24C7    	call   	demorav      	;Demora variable
0537    01D8    0186    	clrf	portb     	;apaga el verde
0538    01D9    24E0    	call	demora2
0539    01DA    082B    	movfw	abh
0540    01DB    0086    	movwf	portb
0541    01DC    24C7    	call	demorav
0542    01DD    0186    	clrf	portb
0543    01DE    24E0    	call	demora2		
0544    01DF    085C    	movfw	5ch
0545    01E0    0086    	movwf	portb
0546    01E1    24C7    	call	demorav
0547    01E2    0186    	clrf	portb
0548    01E3    24E0    	call	demora2
0549    01E4    085D    	movfw	5dh
0550    01E5    0086    	movwf	portb
0551    01E6    24C7    	call	demorav
0552    01E7    0186    	clrf	portb
0553    01E8    3002    	movlw	.2
0554    01E9    00A0    	movwf	20h
0555    01EA    3003    	movlw	.3
0556    01EB    00EC    	movwf	6ch
0557    01EC    3004    	movlw	.4
0558    01ED    00ED    	movwf	6dh
0559    01EE            
0560    01EE            	;configuraciones de los colores a prender-----------------------------------------------
0561    01EE    1406    	bsf   portb,0      ;Verde prende
0562    01EF    0806    	movfw   portb
0563    01F0    00BA    	movwf   3ah
0564    01F1    0186    	clrf   PORTB      ;TODO EN 0 
0565    01F2    1486    	bsf   portb,1      ;Amarillo prende
0566    01F3    0806    	movfw   portb
0567    01F4    00BB    	movwf   3bh
0568    01F5    0186    	clrf   PORTB      ;TODO EN 0          
0569    01F6    1506    	bsf   portb,2      ;Azul prende
0570    01F7    0806    	movfw   portb
0571    01F8    00BC    	movwf   3ch
0572    01F9    0186    	clrf   PORTB      ;TODO EN 0           
0573    01FA    1586    	bsf   portb,3      ;Rojo prende
0574    01FB    0806    	movfw   portb
0575    01FC    00BD    	movwf   3dh
0576    01FD    0186    	clrf   PORTB      ;TODO EN 0
0577    01FE    1606    	bsf   portb,4      ;Blanco prende
0578    01FF    0806    	movfw   portb
0579    0200    00BE    	movwf   3eh
0580    0201    0186    	clrf   PORTB      ;TODO EN 0
0581    0202            
0582    0202            	;Primera pregunta--------------------------------------------------------
0583    0202    1C05    j2	btfss   porta,0		;aprete el puerto A,0?
0584    0203    2A0B    	goto   no31		;si es no me voy a preguntar por los otros puertos
0585    0204    3001    	movlw   .1		;si es si
0586    0205    00C0    	movwf   40h		;variable para restar despues
0587    0206    1406    	bsf   portb,0		;Prende el color del puertob,0
0588    0207                   	;Empiesa la funcion aleatoria--------------------------------------------
0589    0207    24D3          	call   demora1		;Anti rebote de 50mseg
0590    0208    1805    w6	btfsc   porta,0		;primera pregunta aleatoria
0591    0209    2A08    	goto	w6
0592    020A    2A35    	goto	r12		;es la parte donde se le resta para hacer lo de aleatorio		
0593    020B            		     
0594    020B            	;pregunta por el otro pulsador------------------------------------------
0595    020B    1C85    no31    btfss   porta,1      ;aprete el puerto A,1?
0596    020C    2A14    	goto    no32      ;si es no me voy a preguntar por los otros puertos
0597    020D    3002    	movlw   .2      ;si es si
0598    020E    00C0    	movwf   40h      ;variable para restar despues
0599    020F    1486    	bsf	portb,1      ;Prende el color del puertob,1
0600    0210                  	;Primera pregunta de la funcion aleatoria-------------------------------
0601    0210    24D3          	call	demora1		;Anti rebote de 50mseg
0602    0211    1885    w7	btfsc   porta,1		;primera pregunta aleatoria
0603    0212    2A11    	goto	w7
0604    0213    2A35    	goto	r12      
0605    0214            
0606    0214            	;pregunta por el otro pulsador------------------------------------------
0607    0214    1D05    no32    btfss   porta,2      ;aprete el puerto A,2?
0608    0215    2A1D    	goto   no33      ;si es no me voy a preguntar por los otros puertos
0609    0216    3003    	movlw   .3      ;si es si
0610    0217    00C0    	movwf   40h      ;variable para restar despues
0611    0218    1506    	bsf   portb,2      ;Prende el color del puertob,2
0612    0219                  	;Primera pregunta de la funcion aleatoria-------------------------------
0613    0219    24D3          	call   demora1      ;Anti rebote de 50mseg
0614    021A    1905    w8	btfsc   porta,2      ;primera pregunta aleatoria
0615    021B    2A1A    	goto	w8
0616    021C    2A35    	goto	r12
0617    021D            	                 
0618    021D            	;pregunta por el otro pulsador------------------------------------------
0619    021D    1D85    no33    btfss   porta,3     	 ;aprete el puerto A,3?
0620    021E    2A26    	goto   no787      	 ;si es no me voy a preguntar por los otros puertos
0621    021F    3004    	movlw   .4     		 ;si es si
0622    0220    00C0    	movwf   40h      	;variable para restar despues
0623    0221    1586    	bsf   portb,3      	;Prende el color del puertob,3         
0624    0222            	;Primera pregunta de la funcion aleatoria-------------------------------
0625    0222    24D3          	call   demora1      	;Anti rebote de 50mseg
0626    0223    1985    w9	btfsc   porta,3      	;primera pregunta aleatoria
0627    0224    2A23    	goto	w9
0628    0225    2A35    	goto	r12	
0629    0226               
0630    0226            	;pregunta por el otro pulsador------------------------------------------
0631    0226    1E05    no787	btfss   porta,4      ;aprete el puerto A,4?
0632    0227    2A2F    	goto    k2      ;si es no me voy a preguntar por los otros puertos
0633    0228    3005    	movlw   .5      ;si es si
0634    0229    00C0    	movwf   40h      ;variable para restar despues
0635    022A    1606    	bsf	portb,4      ;Prende el color del puertob,4 
0636    022B            	;Primera pregunta de la funcion aleatoria---------------------------------------------------------
0637    022B    24D3    	call   demora1      ;Anti rebote de 50mseg
0638    022C    1A05    w10	btfsc   porta,4      ;primera pregunta aleatoria
0639    022D    2A2C    	goto	w10
0640    022E    2A35    	goto	r12
0641    022F            	
0642    022F    3002    k2	movlw	.2		;para hacer el tiempo de aleatorio
0643    0230    07C8    	addwf	48h,f		;Se le suma .1 al 49h que es una memoria
0644    0231    3001    	movlw	.1		;para hacer el tiempo de aleatorio
0645    0232    07C9    	addwf	49h,f		;Se le suma .1 al 49h que es una memoria
0646    0233    24EC    	call	demora3
0647    0234    2A02    	goto	j2
0648    0235            	
0649    0235            	;Funcion aleatorio de desconteo de 49H-------------------------------------------------------------
0650    0235    24D3    r12	call	demora1	
0651    0236    0186    	clrf 	portb
0652    0237    3001    R3	movlw	.1		;Repite la operacion hasta dar cero
0653    0238    02C9    	subwf	49h,f
0654    0239    1D03    	btfss	status,2	;pregunta si la cuenta dio cero
0655    023A    2A40    	goto	no35
0656    023B    083A    	movfw	3ah		;mantiene el color adentro (verde)
0657    023C    00DE    	movwf	5eh		;lo usara despues para mostrarlo en la segunda fase
0658    023D    3001    	movlw	.1		;el .1 equivale al color
0659    023E    00CE    	movwf	4eh		;se guardara en 4bh para luego en la resta se dira si fue correcto o no
0660    023F    2A64    	goto	pp2		;funcion de saber si se preciono bien o no
0661    0240            
0662    0240    3001    no35	movlw	.1		;Repite la operacion hasta dar cero
0663    0241    02C9    	subwf	49h,f
0664    0242    1D03    	btfss	status,2	;pregunta si la cuenta dio cero
0665    0243    2A49    	goto	no36
0666    0244    083B    	movfw	3bh		;mantiene el color adentro (verde)
0667    0245    00DE    	movwf	5eh		;lo usara despues para mostrarlo en la segunda fase
0668    0246    3002    	movlw	.2		;el .1 equivale al color
0669    0247    00CE    	movwf	4eh		;se guardara en 4bh para luego en la resta se dira si fue correcto o no
0670    0248    2A64    	goto	pp2		;funcion de saber si se preciono bien o no
0671    0249            	
0672    0249    3001    no36	movlw	.1		;Repite la operacion hasta dar cero
0673    024A    02C9    	subwf	49h,f
0674    024B    1D03    	btfss	status,2	;pregunta si la cuenta dio cero
0675    024C    2A52    	goto	no37
0676    024D    083C    	movfw	3ch		;mantiene el color adentro (verde)
0677    024E    00DE    	movwf	5eh		;lo usara despues para mostrarlo en la segunda fase
0678    024F    3003    	movlw	.3		;el .1 equivale al color
0679    0250    00CE    	movwf	4eh		;se guardara en 4bh para luego en la resta se dira si fue correcto o no
0680    0251    2A64    	goto	pp2		;funcion de saber si se preciono bien o no
0681    0252            
0682    0252    3001    no37	movlw	.1		;Repite la operacion hasta dar cero
0683    0253    02C9    	subwf	49h,f
0684    0254    1D03    	btfss	status,2	;pregunta si la cuenta dio cero
0685    0255    2A5B    	goto	no38
0686    0256    083D    	movfw	3dh		;mantiene el color adentro (verde)
0687    0257    00DE    	movwf	5eh		;lo usara despues para mostrarlo en la segunda fase
0688    0258    3004    	movlw	.4		;el .1 equivale al color
0689    0259    00CE    	movwf	4eh		;se guardara en 4bh para luego en la resta se dira si fue correcto o no
0690    025A    2A64    	goto	pp2		;funcion de saber si se preciono bien o no
0691    025B            
0692    025B    3001    no38	movlw	.1		;Repite la operacion hasta dar cero
0693    025C    02C9    	subwf	49h,f
0694    025D    1D03    	btfss	status,2	;pregunta si la cuenta dio cero
0695    025E    2A37    	goto	R3
0696    025F    083E    	movfw	3eh		;mantiene el color adentro (verde)
0697    0260    00DE    	movwf	5eh		;lo usara despues para mostrarlo en la segunda fase
0698    0261    3005    	movlw	.5		;el .1 equivale al color
0699    0262    00CE    	movwf	4eh		;se guardara en 4bh para luego en la resta se dira si fue correcto o no
0700    0263    2A64    	goto	pp2		;funcion de saber si se preciono bien o no
0701    0264            
0702    0264            	;Es par la segunda variable que se pondra en la segunda fase---------------------------------------------
0703    0264            pp2	;configuraciones de los colores a prender
0704    0264    1406    	bsf   portb,0      ;Verde prende
0705    0265    0806    	movfw   portb
0706    0266    00BA    	movwf   3ah
0707    0267    0186    	clrf   PORTB      ;TODO EN 0 
0708    0268    1486    	bsf   portb,1      ;Amarillo prende
0709    0269    0806    	movfw   portb
0710    026A    00BB    	movwf   3bh
0711    026B    0186    	clrf   PORTB      ;TODO EN 0          
0712    026C    1506    	bsf   portb,2      ;Azul prende
0713    026D    0806    	movfw   portb
0714    026E    00BC    	movwf   3ch
0715    026F    0186    	clrf   PORTB      ;TODO EN 0           
0716    0270    1586    	bsf   portb,3      ;Rojo prende
0717    0271    0806    	movfw   portb
0718    0272    00BD    	movwf   3dh
0719    0273    0186    	clrf   PORTB      ;TODO EN 0
0720    0274    1606    	bsf   portb,4      ;Blanco prende
0721    0275    0806    	movfw   portb
0722    0276    00BE    	movwf   3eh
0723    0277    0186    	clrf   PORTB      ;TODO EN 0
0724    0278            
0725    0278    3001    R4	movlw	.1		;Repite la operacion hasta dar cero
0726    0279    02C8    	subwf	48h,f
0727    027A    1D03    	btfss	status,2	;pregunta si la cuenta dio cero
0728    027B    2A81    	goto	no39
0729    027C    083A    	movfw	3ah		;mantiene el color adentro (verde)
0730    027D    00DF    	movwf	5fh		;lo usara despues para mostrarlo en la segunda fase
0731    027E    3001    	movlw	.1		;el .1 equivale al color
0732    027F    00CF    	movwf	4fh		;se guardara en 4bh para luego en la resta se dira si fue correcto o no
0733    0280    2AA5    	goto	p2		;funcion de saber si se preciono bien o no
0734    0281            
0735    0281    3001    no39	movlw	.1		;Repite la operacion hasta dar cero
0736    0282    02C8    	subwf	48h,f
0737    0283    1D03    	btfss	status,2	;pregunta si la cuenta dio cero
0738    0284    2A8A    	goto	no40
0739    0285    083B    	movfw	3bh		;mantiene el color adentro (verde)
0740    0286    00DF    	movwf	5fh		;lo usara despues para mostrarlo en la segunda fase
0741    0287    3002    	movlw	.2		;el .1 equivale al color
0742    0288    00CF    	movwf	4fh		;se guardara en 4bh para luego en la resta se dira si fue correcto o no
0743    0289    2AA5    	goto	p2		;funcion de saber si se preciono bien o no
0744    028A            	
0745    028A    3001    no40	movlw	.1		;Repite la operacion hasta dar cero
0746    028B    02C8    	subwf	48h,f
0747    028C    1D03    	btfss	status,2	;pregunta si la cuenta dio cero
0748    028D    2A93    	goto	no41
0749    028E    083C    	movfw	3ch		;mantiene el color adentro (verde)
0750    028F    00DF    	movwf	5fh		;lo usara despues para mostrarlo en la segunda fase
0751    0290    3003    	movlw	.3		;el .1 equivale al color
0752    0291    00CF    	movwf	4fh		;se guardara en 4bh para luego en la resta se dira si fue correcto o no
0753    0292    2AA5    	goto	p2		;funcion de saber si se preciono bien o no
0754    0293            
0755    0293    3001    no41	movlw	.1		;Repite la operacion hasta dar cero
0756    0294    02C8    	subwf	48h,f
0757    0295    1D03    	btfss	status,2	;pregunta si la cuenta dio cero
0758    0296    2A9C    	goto	no42
0759    0297    083D    	movfw	3dh		;mantiene el color adentro (verde)
0760    0298    00DF    	movwf	5fh		;lo usara despues para mostrarlo en la segunda fase
0761    0299    3004    	movlw	.4		;el .1 equivale al color
0762    029A    00CF    	movwf	4fh		;se guardara en 4bh para luego en la resta se dira si fue correcto o no
0763    029B    2AA5    	goto	p2		;funcion de saber si se preciono bien o no
0764    029C            
0765    029C    3001    no42	movlw	.1		;Repite la operacion hasta dar cero
0766    029D    02C8    	subwf	48h,f
0767    029E    1D03    	btfss	status,2	;pregunta si la cuenta dio cero
0768    029F    2A78    	goto	R4
0769    02A0    083E    	movfw	3eh		;mantiene el color adentro (verde)
0770    02A1    00DF    	movwf	5fh		;lo usara despues para mostrarlo en la segunda fase
0771    02A2    3005    	movlw	.5		;el .1 equivale al color
0772    02A3    00CF    	movwf	4fh		;se guardara en 4bh para luego en la resta se dira si fue correcto o no
0773    02A4    2AA5    	goto	p2		;funcion de saber si se preciono bien o no
0774    02A5            
0775    02A5            	;Empiesa a preguntar si el pulsador presioado es el correcto-----------------------------------------------
0776    02A5    3001    p2   	movlw	.1
0777    02A6    02ED    	subwf	6dh,f		;.3
0778    02A7    1D03    	btfss	status,2
0779    02A8    2AAE    	goto	no43
0780    02A9    0840    	movfw	40h
0781    02AA    024D    	subwf	4dh,w
0782    02AB    1D03    	btfss	status,2
0783    02AC    2C9B    	goto	perdi
0784    02AD    2AC5    	goto	bien2
0785    02AE            		
0786    02AE    3001    no43	movlw	.1
0787    02AF    02EC    	subwf	6ch,f
0788    02B0    1D03    	btfss	status,2
0789    02B1    2AB7    	goto	no44
0790    02B2    0840    	movfw	40h
0791    02B3    024C    	subwf	4ch,w
0792    02B4    1D03    	btfss	status,2
0793    02B5    2C9B    	goto	perdi
0794    02B6    2A02    	goto	j2
0795    02B7            		
0796    02B7    3001    no44	movlw	.1
0797    02B8    02A0    	subwf	20h,f		;vale.2
0798    02B9    1D03    	btfss	status,2
0799    02BA    2AC0    	goto	no45
0800    02BB    0840    	movfw	40h
0801    02BC    0228    	subwf	a8h,w
0802    02BD    1D03    	btfss	status,2
0803    02BE    2C9B    	goto	perdi
0804    02BF    2A02    	goto	j2
0805    02C0            
0806    02C0    0840    no45	movfw	40h		;varia dependiendo que boton precione (.1 deberia ser)
0807    02C1    0229    	subwf	a9h,w		;mantiene en forma permanente el .1
0808    02C2    1D03    	btfss	status,2	;pregunta si da cero
0809    02C3    2C9B    	goto	Perdi		
0810    02C4    2A02    	goto	j2	
0811    02C5            
0812    02C5            
0813    02C5            	;tercera fase del simon say---------------------------------------------------------------------	
0814    02C5    0186    bien2	clrf   	portb      ;limpia el puerto b por las dudas
0815    02C6    082A    	movfw	aah
0816    02C7    0086    	movwf	portb
0817    02C8    24C7    	call   	demorav      	;Demora variable
0818    02C9    0186    	clrf	portb     	;apaga el verde
0819    02CA    24E0    	call	demora2
0820    02CB    082B    	movfw	abh
0821    02CC    0086    	movwf	portb
0822    02CD    24C7    	call	demorav
0823    02CE    0186    	clrf	portb
0824    02CF    24E0    	call	demora2		
0825    02D0    085C    	movfw	5ch
0826    02D1    0086    	movwf	portb
0827    02D2    24C7    	call	demorav
0828    02D3    0186    	clrf	portb
0829    02D4    24E0    	call	demora2
0830    02D5    085D    	movfw	5dh
0831    02D6    0086    	movwf	portb
0832    02D7    24C7    	call	demorav
0833    02D8    0186    	clrf	portb
0834    02D9    24E0    	call	demora2
0835    02DA            
0836    02DA    085E    	movfw	5eh
0837    02DB    0086    	movwf	portb
0838    02DC    24C7    	call	demorav
0839    02DD    0186    	clrf	portb
0840    02DE    24E0    	call	demora2
0841    02DF    085F    	movfw	5fh
0842    02E0    0086    	movwf	portb
0843    02E1    24C7    	call	demorav
0844    02E2    0186    	clrf	portb
0845    02E3    24E0    	call	demora2	
0846    02E4    3002    	movlw	.2
0847    02E5    00A0    	movwf	20h
0848    02E6    3003    	movlw	.3
0849    02E7    00EC    	movwf	6ch
0850    02E8    3004    	movlw	.4
0851    02E9    00ED    	movwf	6dh
0852    02EA    3005    	movlw	.5
0853    02EB    00EE    	movwf	6eh
0854    02EC    3006    	movlw	.6
0855    02ED    00EF    	movwf	6fh	
0856    02EE            
0857    02EE            	;configuraciones de los colores a prender-----------------------------------------------
0858    02EE    1406    	bsf   portb,0      ;Verde prende
0859    02EF    0806    	movfw   portb
0860    02F0    00BA    	movwf   3ah
0861    02F1    0186    	clrf   PORTB      ;TODO EN 0 
0862    02F2    1486    	bsf   portb,1      ;Amarillo prende
0863    02F3    0806    	movfw   portb
0864    02F4    00BB    	movwf   3bh
0865    02F5    0186    	clrf   PORTB      ;TODO EN 0          
0866    02F6    1506    	bsf   portb,2      ;Azul prende
0867    02F7    0806    	movfw   portb
0868    02F8    00BC    	movwf   3ch
0869    02F9    0186    	clrf   PORTB      ;TODO EN 0           
0870    02FA    1586    	bsf   portb,3      ;Rojo prende
0871    02FB    0806    	movfw   portb
0872    02FC    00BD    	movwf   3dh
0873    02FD    0186    	clrf   PORTB      ;TODO EN 0
0874    02FE    1606    	bsf   portb,4      ;Blanco prende
0875    02FF    0806    	movfw   portb
0876    0300    00BE    	movwf   3eh
0877    0301    0186    	clrf   PORTB      ;TODO EN 0     
0878    0302            
0879    0302            	;Primera pregunta--------------------------------------------------------
0880    0302    1C05    j3	btfss   porta,0		;aprete el puerto A,0?
0881    0303    2B0B    	goto   no46		;si es no me voy a preguntar por los otros puertos
0882    0304    3001    	movlw   .1		;si es si
0883    0305    00C0    	movwf   40h		;variable para restar despues
0884    0306    1406    	bsf   portb,0		;Prende el color del puertob,0
0885    0307                   	;Empiesa la funcion aleatoria--------------------------------------------
0886    0307    24D3          	call   demora1		;Anti rebote de 50mseg
0887    0308    1805    w11	btfsc   porta,0		;primera pregunta aleatoria
0888    0309    2B08    	goto	w11
0889    030A    2B35    	goto	r13		;es la parte donde se le resta para hacer lo de aleatorio		
0890    030B            		     
0891    030B            	;pregunta por el otro pulsador------------------------------------------
0892    030B    1C85    no46    btfss   porta,1      ;aprete el puerto A,1?
0893    030C    2B14    	goto    no47      ;si es no me voy a preguntar por los otros puertos
0894    030D    3002    	movlw   .2      ;si es si
0895    030E    00C0    	movwf   40h      ;variable para restar despues
0896    030F    1486    	bsf	portb,1      ;Prende el color del puertob,1
0897    0310                  	;Primera pregunta de la funcion aleatoria-------------------------------
0898    0310    24D3          	call	demora1		;Anti rebote de 50mseg
0899    0311    1885    w12	btfsc   porta,1		;primera pregunta aleatoria
0900    0312    2B11    	goto	w12
0901    0313    2B35    	goto	r13
0902    0314                     
0903    0314            	;pregunta por el otro pulsador------------------------------------------
0904    0314    1D05    no47    btfss   porta,2      ;aprete el puerto A,2?
0905    0315    2B1D    	goto   no48	     ;si es no me voy a preguntar por los otros puertos
0906    0316    3003    	movlw   .3      ;si es si
0907    0317    00C0    	movwf   40h      ;variable para restar despues
0908    0318    1506    	bsf   portb,2      ;Prende el color del puertob,2
0909    0319                  	;Primera pregunta de la funcion aleatoria-------------------------------
0910    0319    24D3          	call   demora1      ;Anti rebote de 50mseg
0911    031A    1905    w13	btfsc   porta,2      ;primera pregunta aleatoria
0912    031B    2B1A    	goto	w13
0913    031C    2B35    	goto	r13
0914    031D            	                 
0915    031D            	;pregunta por el otro pulsador------------------------------------------
0916    031D    1D85    no48    btfss   porta,3      	;aprete el puerto A,3?
0917    031E    2B26    	goto   no49      	;si es no me voy a preguntar por los otros puertos
0918    031F    3004    	movlw   .4      	;si es si
0919    0320    00C0    	movwf   40h      	;variable para restar despues
0920    0321    1586    	bsf   portb,3      	;Prende el color del puertob,3         
0921    0322            	;Primera pregunta de la funcion aleatoria-------------------------------
0922    0322    24D3          	call   demora1      	;Anti rebote de 50mseg
0923    0323    1985    w14	btfsc   porta,3      	;primera pregunta aleatoria
0924    0324    2B23    	goto	w14
0925    0325    2B35     	goto	r13	
0926    0326              
0927    0326            	;pregunta por el otro pulsador------------------------------------------
0928    0326    1E05    no49	btfss   porta,4      	;aprete el puerto A,4?
0929    0327    2B2F    	goto    k3      	;si es no me voy a preguntar por los otros puertos
0930    0328    3005    	movlw   .5      	;si es si
0931    0329    00C0    	movwf   40h      	;variable para restar despues
0932    032A    1606    	bsf	portb,4      	;Prende el color del puertob,4 
0933    032B            	;Primera pregunta de la funcion aleatoria---------------------------------------------------------
0934    032B    24D3    	call   demora1      	;Anti rebote de 50mseg
0935    032C    1A05    w15	btfsc   porta,4     	;primera pregunta aleatoria
0936    032D    2B2C    	goto	w15
0937    032E    2B35    	goto	r13
0938    032F            	
0939    032F    3002    k3	movlw	.2		;para hacer el tiempo de aleatorio
0940    0330    07C8    	addwf	48h,f		;Se le suma .1 al 49h que es una memoria
0941    0331    3001    	movlw	.1		;para hacer el tiempo de aleatorio
0942    0332    07C9    	addwf	49h,f		;Se le suma .1 al 49h que es una memoria
0943    0333    24EC    	call	demora3
0944    0334    2B02    	goto	j3	
0945    0335            
0946    0335            	;Funcion aleatorio de desconteo de 49H-------------------------------------------------------------
0947    0335    24D3    r13	call	demora1	
0948    0336    0186    	clrf 	portb
0949    0337    3001    R5	movlw	.1		;Repite la operacion hasta dar cero
0950    0338    02C9    	subwf	49h,f
0951    0339    1D03    	btfss	status,2	;pregunta si la cuenta dio cero
0952    033A    2B40    	goto	no50
0953    033B    083A    	movfw	3ah		;mantiene el color adentro (verde)
0954    033C    00E0    	movwf	60h		;lo usara despues para mostrarlo en la segunda fase
0955    033D    3001    	movlw	.1		;el .1 equivale al color
0956    033E    00C1    	movwf	41h		;se guardara en 4bh para luego en la resta se dira si fue correcto o no
0957    033F    2B64    	goto	pp3		;funcion de saber si se preciono bien o no
0958    0340            
0959    0340    3001    no50	movlw	.1		;Repite la operacion hasta dar cero
0960    0341    02C9    	subwf	49h,f
0961    0342    1D03    	btfss	status,2	;pregunta si la cuenta dio cero
0962    0343    2B49    	goto	no51
0963    0344    083B    	movfw	3bh		;mantiene el color adentro (verde)
0964    0345    00E0    	movwf	60h		;lo usara despues para mostrarlo en la segunda fase
0965    0346    3002    	movlw	.2		;el .1 equivale al color
0966    0347    00C1    	movwf	41h		;se guardara en 4bh para luego en la resta se dira si fue correcto o no
0967    0348    2B64    	goto	pp3		;funcion de saber si se preciono bien o no
0968    0349            	
0969    0349    3001    no51	movlw	.1		;Repite la operacion hasta dar cero
0970    034A    02C9    	subwf	49h,f
0971    034B    1D03    	btfss	status,2	;pregunta si la cuenta dio cero
0972    034C    2B52    	goto	no52
0973    034D    083C    	movfw	3ch		;mantiene el color adentro (verde)
0974    034E    00E0    	movwf	60h		;lo usara despues para mostrarlo en la segunda fase
0975    034F    3003    	movlw	.3		;el .1 equivale al color
0976    0350    00C1    	movwf	41h		;se guardara en 4bh para luego en la resta se dira si fue correcto o no
0977    0351    2B64    	goto	pp3		;funcion de saber si se preciono bien o no
0978    0352            
0979    0352    3001    no52	movlw	.1		;Repite la operacion hasta dar cero
0980    0353    02C9    	subwf	49h,f
0981    0354    1D03    	btfss	status,2	;pregunta si la cuenta dio cero
0982    0355    2B5B    	goto	no53
0983    0356    083D    	movfw	3dh		;mantiene el color adentro (verde)
0984    0357    00E0    	movwf	60h		;lo usara despues para mostrarlo en la segunda fase
0985    0358    3004    	movlw	.4		;el .1 equivale al color
0986    0359    00C1    	movwf	41h		;se guardara en 4bh para luego en la resta se dira si fue correcto o no
0987    035A    2B64    	goto	pp3		;funcion de saber si se preciono bien o no
0988    035B            
0989    035B    3001    no53	movlw	.1		;Repite la operacion hasta dar cero
0990    035C    02C9    	subwf	49h,f
0991    035D    1D03    	btfss	status,2	;pregunta si la cuenta dio cero
0992    035E    2B37    	goto	R5
0993    035F    083E    	movfw	3eh		;mantiene el color adentro (verde)
0994    0360    00E0    	movwf	60h		;lo usara despues para mostrarlo en la segunda fase
0995    0361    3005    	movlw	.5		;el .1 equivale al color
0996    0362    00C1    	movwf	41h		;se guardara en 4bh para luego en la resta se dira si fue correcto o no
0997    0363    2B64    	goto	pp3		;funcion de saber si se preciono bien o no
0998    0364            
0999    0364            	;Funcion aleatorio de desconteo de 49H-------------------------------------------------------------
1000    0364            pp3	;configuraciones de los colores a prender
1001    0364    1406    	bsf   portb,0      ;Verde prende
1002    0365    0806    	movfw   portb
1003    0366    00BA    	movwf   3ah
1004    0367    0186    	clrf   PORTB      ;TODO EN 0 
1005    0368    1486    	bsf   portb,1      ;Amarillo prende
1006    0369    0806    	movfw   portb
1007    036A    00BB    	movwf   3bh
1008    036B    0186    	clrf   PORTB      ;TODO EN 0          
1009    036C    1506    	bsf   portb,2      ;Azul prende
1010    036D    0806    	movfw   portb
1011    036E    00BC    	movwf   3ch
1012    036F    0186    	clrf   PORTB      ;TODO EN 0           
1013    0370    1586    	bsf   portb,3      ;Rojo prende
1014    0371    0806    	movfw   portb
1015    0372    00BD    	movwf   3dh
1016    0373    0186    	clrf   PORTB      ;TODO EN 0
1017    0374    1606    	bsf   portb,4      ;Blanco prende
1018    0375    0806    	movfw   portb
1019    0376    00BE    	movwf   3eh
1020    0377    0186    	clrf   PORTB      ;TODO EN 0
1021    0378            
1022    0378    0186    R6	clrf	portb
1023    0379    3001    	movlw	.1		;Repite la operacion hasta dar cero
1024    037A    02C8    	subwf	48h,f
1025    037B    1D03    	btfss	status,2	;pregunta si la cuenta dio cero
1026    037C    2B82    	goto	no59
1027    037D    083A    	movfw	3ah		;mantiene el color adentro (verde)
1028    037E    00E1    	movwf	61h		;lo usara despues para mostrarlo en la segunda fase
1029    037F    3001    	movlw	.1		;el .1 equivale al color
1030    0380    00C2    	movwf	42h		;se guardara en 4bh para luego en la resta se dira si fue correcto o no
1031    0381    2BA6    	goto	p4		;funcion de saber si se preciono bien o no
1032    0382            
1033    0382    3001    no59	movlw	.1		;Repite la operacion hasta dar cero
1034    0383    02C8    	subwf	48h,f
1035    0384    1D03    	btfss	status,2	;pregunta si la cuenta dio cero
1036    0385    2B8B    	goto	no60
1037    0386    083B    	movfw	3bh		;mantiene el color adentro (verde)
1038    0387    00E1    	movwf	61h		;lo usara despues para mostrarlo en la segunda fase
1039    0388    3002    	movlw	.2		;el .1 equivale al color
1040    0389    00C2    	movwf	42h		;se guardara en 4bh para luego en la resta se dira si fue correcto o no
1041    038A    2BA6    	goto	p4		;funcion de saber si se preciono bien o no
1042    038B            	
1043    038B    3001    no60	movlw	.1		;Repite la operacion hasta dar cero
1044    038C    02C8    	subwf	48h,f
1045    038D    1D03    	btfss	status,2	;pregunta si la cuenta dio cero
1046    038E    2B94    	goto	no61
1047    038F    083C    	movfw	3ch		;mantiene el color adentro (verde)
1048    0390    00E1    	movwf	61h		;lo usara despues para mostrarlo en la segunda fase
1049    0391    3003    	movlw	.3		;el .1 equivale al color
1050    0392    00C2    	movwf	42h		;se guardara en 4bh para luego en la resta se dira si fue correcto o no
1051    0393    2BA6    	goto	p4		;funcion de saber si se preciono bien o no
1052    0394            
1053    0394    3001    no61	movlw	.1		;Repite la operacion hasta dar cero
1054    0395    02C8    	subwf	48h,f
1055    0396    1D03    	btfss	status,2	;pregunta si la cuenta dio cero
1056    0397    2B9D    	goto	no62
1057    0398    083D    	movfw	3dh		;mantiene el color adentro (verde)
1058    0399    00E1    	movwf	61h		;lo usara despues para mostrarlo en la segunda fase
1059    039A    3004    	movlw	.4		;el .1 equivale al color
1060    039B    00C2    	movwf	42h		;se guardara en 4bh para luego en la resta se dira si fue correcto o no
1061    039C    2BA6    	goto	p4		;funcion de saber si se preciono bien o no
1062    039D            
1063    039D    3001    no62	movlw	.1		;Repite la operacion hasta dar cero
1064    039E    02C8    	subwf	48h,f
1065    039F    1D03    	btfss	status,2	;pregunta si la cuenta dio cero
1066    03A0    2B78    	goto	R6
1067    03A1    083E    	movfw	3eh		;mantiene el color adentro (verde)
1068    03A2    00E1    	movwf	61h		;lo usara despues para mostrarlo en la segunda fase
1069    03A3    3005    	movlw	.5		;el .1 equivale al color
1070    03A4    00C2    	movwf	42h		;se guardara en 4bh para luego en la resta se dira si fue correcto o no
1071    03A5    2BA6    	goto	p4		;funcion de saber si se preciono bien o no
1072    03A6            
1073    03A6            	;Empiesa a preguntar si el pulsador presioado es el correcto-----------------------------------------------
1074    03A6    3001    p4	movlw	.1
1075    03A7    02EF    	subwf	6fh,f		;.6
1076    03A8    1D03    	btfss	status,2
1077    03A9    2BAF    	goto	no54
1078    03AA    0840    	movfw	40h
1079    03AB    024F    	subwf	4fh,w
1080    03AC    1D03    	btfss	status,2
1081    03AD    2C9B    	goto	perdi
1082    03AE    2BD8    	goto	bien3
1083    03AF            
1084    03AF    3001    no54	movlw	.1
1085    03B0    02EE    	subwf	6eh,f		;.5
1086    03B1    1D03    	btfss	status,2
1087    03B2    2BB8    	goto	no55
1088    03B3    0840    	movfw	40h
1089    03B4    024E    	subwf	4eh,w
1090    03B5    1D03    	btfss	status,2
1091    03B6    2C9B    	goto	perdi
1092    03B7    2B02    	goto	j3
1093    03B8            
1094    03B8    3001    no55	movlw	.1
1095    03B9    02ED    	subwf	6dh,f		;.4
1096    03BA    1D03    	btfss	status,2
1097    03BB    2BC1    	goto	no56
1098    03BC    0840    	movfw	40h
1099    03BD    024D    	subwf	4dh,w
1100    03BE    1D03    	btfss	status,2
1101    03BF    2C9B    	goto	perdi
1102    03C0    2B02    	goto	j3
1103    03C1            			
1104    03C1    3001    no56	movlw	.1
1105    03C2    02EC    	subwf	6ch,f		;.3
1106    03C3    1D03    	btfss	status,2
1107    03C4    2BCA    	goto	no57
1108    03C5    0840    	movfw	40h
1109    03C6    024C    	subwf	4ch,w
1110    03C7    1D03    	btfss	status,2
1111    03C8    2C9B    	goto	perdi
1112    03C9    2B02    	goto	j3
1113    03CA            		
1114    03CA    3001    no57	movlw	.1
1115    03CB    02A0    	subwf	20h,f		;vale.2
1116    03CC    1D03    	btfss	status,2
1117    03CD    2BD3    	goto	no58
1118    03CE    0840    	movfw	40h
1119    03CF    0228    	subwf	a8h,w		;vale .4 que es el color rojo
1120    03D0    1D03    	btfss	status,2
1121    03D1    2C9B    	goto	perdi
1122    03D2    2B02    	goto	j3
1123    03D3            
1124    03D3    0840    no58	movfw	40h		;varia dependiendo que boton precione (.1 deberia ser)
1125    03D4    0229    	subwf	a9h,w		;mantiene en forma permanente el .1
1126    03D5    1D03    	btfss	status,2	;pregunta si da cero
1127    03D6    2C9B    	goto	Perdi		
1128    03D7    2B02    	goto	j3	
1129    03D8            
1130    03D8            	;cuarta fase del simon say---------------------------------------------------------------------	
1131    03D8    0186    bien3	clrf	portb
1132    03D9    082A    	movfw	aah
1133    03DA    0086    	movwf	portb
1134    03DB    24C7    	call   	demorav      	;Demora variable
1135    03DC    0186    	clrf	portb     	;apaga el verde
1136    03DD    24E0    	call	demora2
1137    03DE    082B    	movfw	abh
1138    03DF    0086    	movwf	portb
1139    03E0    24C7    	call	demorav
1140    03E1    0186    	clrf	portb
1141    03E2    24E0    	call	demora2		
1142    03E3    085C    	movfw	5ch
1143    03E4    0086    	movwf	portb
1144    03E5    24C7    	call	demorav
1145    03E6    0186    	clrf	portb
1146    03E7    24E0    	call	demora2
1147    03E8    085D    	movfw	5dh
1148    03E9    0086    	movwf	portb
1149    03EA    24C7    	call	demorav
1150    03EB    0186    	clrf	portb
1151    03EC    24E0    	call	demora2
1152    03ED    085E    	movfw	5eh
1153    03EE    0086    	movwf	portb
1154    03EF    24C7    	call	demorav
1155    03F0    0186    	clrf	portb
1156    03F1    24E0    	call	demora2
1157    03F2    085F    	movfw	5fh
1158    03F3    0086    	movwf	portb
1159    03F4    24C7    	call	demorav
1160    03F5    0186    	clrf	portb
1161    03F6    24E0    	call	demora2
1162    03F7            
1163    03F7    0860    	movfw	60h		;Variable nueva
1164    03F8    0086    	movwf	portb
1165    03F9    24C7    	call	demorav
1166    03FA    0186    	clrf	portb
1167    03FB    24E0    	call	demora2
1168    03FC    0861    	movfw	61h		;variable nueva
1169    03FD    0086    	movwf	portb
1170    03FE    24C7    	call	demorav
1171    03FF    0186    	clrf	portb
1172    0400            
1173    0400    3002    	movlw	.2
1174    0401    00A0    	movwf	20h
1175    0402    3003    	movlw	.3
1176    0403    00EC    	movwf	6ch
1177    0404    3004    	movlw	.4
1178    0405    00ED    	movwf	6dh
1179    0406    3005    	movlw	.5
1180    0407    00EE    	movwf	6eh
1181    0408    3006    	movlw	.6
1182    0409    00EF    	movwf	6fh
1183    040A            
1184    040A    3007    	movlw	.7
1185    040B    00E2    	movwf	62h		;nueva! para restar alfinal
1186    040C    3008    	movlw	.8
1187    040D    00E3    	movwf	63h		;nueva! para restar alfinal
1188    040E            		
1189    040E            	;configuraciones de los colores a prender----------------------------------------------------------------
1190    040E    1406    	bsf   portb,0      ;Verde prende
1191    040F    0806    	movfw   portb
1192    0410    00BA    	movwf   3ah
1193    0411    0186    	clrf   PORTB      ;TODO EN 0 
1194    0412    1486    	bsf   portb,1      ;Amarillo prende
1195    0413    0806    	movfw   portb
1196    0414    00BB    	movwf   3bh
1197    0415    0186    	clrf   PORTB      ;TODO EN 0          
1198    0416    1506    	bsf   portb,2      ;Azul prende
1199    0417    0806    	movfw   portb
1200    0418    00BC    	movwf   3ch
1201    0419    0186    	clrf   PORTB      ;TODO EN 0           
1202    041A    1586    	bsf   portb,3      ;Rojo prende
1203    041B    0806    	movfw   portb
1204    041C    00BD    	movwf   3dh
1205    041D    0186    	clrf   PORTB      ;TODO EN 0
1206    041E    1606    	bsf   portb,4      ;Blanco prende
1207    041F    0806    	movfw   portb
1208    0420    00BE    	movwf   3eh
1209    0421    0186    	clrf   PORTB      ;TODO EN 0 
1210    0422                
1211    0422            	;Primera pregunta--------------------------------------------------------
1212    0422    1C05    j4	btfss   porta,0		;aprete el puerto A,0?
1213    0423    2C2B    	goto   no591		;si es no me voy a preguntar por los otros puertos
1214    0424    3001    	movlw   .1		;si es si
1215    0425    00C0    	movwf   40h		;variable para restar despues
1216    0426    1406    	bsf   portb,0		;Prende el color del puertob,0
1217    0427                   	;Empiesa la funcion aleatoria--------------------------------------------
1218    0427    24D3          	call   demora1		;Anti rebote de 50mseg
1219    0428    1805    w16	btfsc   porta,0		;primera pregunta aleatoria
1220    0429    2C28    	goto	w16
1221    042A    2C55    	goto	p5		;es la parte donde se le resta para hacer lo de aleatorio		
1222    042B            		     
1223    042B            	;pregunta por el otro pulsador------------------------------------------
1224    042B    1C85    no591    btfss   porta,1      	;aprete el puerto A,1?
1225    042C    2C34    	goto    no601      	;si es no me voy a preguntar por los otros puertos
1226    042D    3002    	movlw   .2      	;si es si
1227    042E    00C0    	movwf   40h      	;variable para restar despues
1228    042F    1486    	bsf	portb,1      ;Prende el color del puertob,1
1229    0430                  	;Primera pregunta de la funcion aleatoria-------------------------------
1230    0430    24D3          	call	demora1		;Anti rebote de 50mseg
1231    0431    1885    w17	btfsc   porta,1		;primera pregunta aleatoria
1232    0432    2C31    	goto	w17
1233    0433    2C55    	goto	p5
1234    0434                     
1235    0434            	;pregunta por el otro pulsador------------------------------------------
1236    0434    1D05    no601    btfss   porta,2      ;aprete el puerto A,2?
1237    0435    2C3D    	goto   no611	     ;si es no me voy a preguntar por los otros puertos
1238    0436    3003    	movlw   .3      ;si es si
1239    0437    00C0    	movwf   40h      ;variable para restar despues
1240    0438    1506    	bsf   portb,2      ;Prende el color del puertob,2
1241    0439                  	;Primera pregunta de la funcion aleatoria-------------------------------
1242    0439    24D3          	call   demora1      ;Anti rebote de 50mseg
1243    043A    1905    w18	btfsc   porta,2      ;primera pregunta aleatoria
1244    043B    2C3A    	goto	w18
1245    043C    2C55    	goto	p5
1246    043D            	                 
1247    043D            	;pregunta por el otro pulsador------------------------------------------
1248    043D    1D85    no611    btfss   porta,3      	;aprete el puerto A,3?
1249    043E    2C46    	goto   no622      	;si es no me voy a preguntar por los otros puertos
1250    043F    3004    	movlw   .4      	;si es si
1251    0440    00C0    	movwf   40h      	;variable para restar despues
1252    0441    1586    	bsf   portb,3      	;Prende el color del puertob,3         
1253    0442            	;Primera pregunta de la funcion aleatoria-------------------------------
1254    0442    24D3          	call   demora1      	;Anti rebote de 50mseg
1255    0443    1985    w19	btfsc   porta,3      	;primera pregunta aleatoria
1256    0444    2C43    	goto	w19
1257    0445    2C55    	goto	p5	
1258    0446              
1259    0446            	;pregunta por el otro pulsador------------------------------------------
1260    0446    1E05    no622	btfss   porta,4      	;aprete el puerto A,4?
1261    0447    2C4F    	goto    k4      	;si es no me voy a preguntar por los otros puertos
1262    0448    3005    	movlw   .5      	;si es si
1263    0449    00C0    	movwf   40h      	;variable para restar despues
1264    044A    1606    	bsf	portb,4      	;Prende el color del puertob,4 
1265    044B            	;Primera pregunta de la funcion aleatoria---------------------------------------------------------
1266    044B    24D3    	call   demora1      	;Anti rebote de 50mseg
1267    044C    1A05    w20	btfsc   porta,4     	;primera pregunta aleatoria
1268    044D    2C4C    	goto	w20
1269    044E    2C55    	goto	p5
1270    044F            	
1271    044F    3002    k4	movlw	.2		;para hacer el tiempo de aleatorio
1272    0450    07C8    	addwf	48h,f		;Se le suma .1 al 49h que es una memoria
1273    0451    3001    	movlw	.1		;para hacer el tiempo de aleatorio
1274    0452    07C9    	addwf	49h,f		;Se le suma .1 al 49h que es una memoria
1275    0453    24EC    	call	demora3
1276    0454    2C22    	goto	j4
1277    0455            
1278    0455            	;Empiesa a preguntar si el pulsador presioado es el correcto-----------------------------------------------
1279    0455    0186    p5	clrf	portb
1280    0456    24D3    	call	demora1	
1281    0457    3001    	movlw	.1
1282    0458    02E3    	subwf	63h,f		;.8
1283    0459    1D03    	btfss	status,2
1284    045A    2C60    	goto	no72
1285    045B    0840    	movfw	40h
1286    045C    0242    	subwf	42h,w
1287    045D    1D03    	btfss	status,2
1288    045E    2C9B    	goto	perdi
1289    045F    2CB3    	goto	win
1290    0460            
1291    0460    3001    no72	movlw	.1
1292    0461    02E2    	subwf	62h,f		;.7
1293    0462    1D03    	btfss	status,2
1294    0463    2C69    	goto	no73
1295    0464    0840    	movfw	40h
1296    0465    0241    	subwf	41h,w
1297    0466    1D03    	btfss	status,2
1298    0467    2C9B    	goto	perdi
1299    0468    2C22    	goto	j4
1300    0469            
1301    0469    3001    no73	movlw	.1
1302    046A    02EF    	subwf	6fh,f		;.6
1303    046B    1D03    	btfss	status,2
1304    046C    2C72    	goto	no74
1305    046D    0840    	movfw	40h
1306    046E    024F    	subwf	4fh,w
1307    046F    1D03    	btfss	status,2
1308    0470    2C9B    	goto	perdi
1309    0471    2C22    	goto	j4
1310    0472            
1311    0472    3001    no74	movlw	.1
1312    0473    02EE    	subwf	6eh,f		;.5
1313    0474    1D03    	btfss	status,2
1314    0475    2C7B    	goto	no75
1315    0476    0840    	movfw	40h
1316    0477    024E    	subwf	4eh,w
1317    0478    1D03    	btfss	status,2
1318    0479    2C9B    	goto	perdi
1319    047A    2C22    	goto	j4
1320    047B            
1321    047B    3001    no75	movlw	.1
1322    047C    02ED    	subwf	6dh,f		;.4
1323    047D    1D03    	btfss	status,2
1324    047E    2C84    	goto	no76
1325    047F    0840    	movfw	40h
1326    0480    024D    	subwf	4dh,w
1327    0481    1D03    	btfss	status,2
1328    0482    2C9B    	goto	perdi
1329    0483    2C22    	goto	j4
1330    0484            		
1331    0484    3001    no76	movlw	.1		;.3
1332    0485    02EC    	subwf	6ch,f
1333    0486    1D03    	btfss	status,2
1334    0487    2C8D    	goto	no788
1335    0488    0840    	movfw	40h
1336    0489    024C    	subwf	4ch,w
1337    048A    1D03    	btfss	status,2
1338    048B    2C9B    	goto	perdi
1339    048C    2C22    	goto	j4
1340    048D            		
1341    048D    3001    no788	movlw	.1		;Descuenta .1
1342    048E    02A0    	subwf	20h,f		;vale.2
1343    048F    1D03    	btfss	status,2
1344    0490    2C96    	goto	no79
1345    0491    0840    	movfw	40h
1346    0492    0228    	subwf	a8h,w
1347    0493    1D03    	btfss	status,2
1348    0494    2C9B    	goto	perdi
1349    0495    2C22    	goto	j4
1350    0496            
1351    0496    0840    no79	movfw	40h		;varia dependiendo que boton precione (.1 deberia ser)
1352    0497    0229    	subwf	a9h,w		;mantiene en forma permanente el .1
1353    0498    1D03    	btfss	status,2	;pregunta si da cero
1354    0499    2C9B    	goto	Perdi		
1355    049A    2C22    	goto	j4	
1356    049B            
1357    049B            	;Perdiste (Game Over)----------------------------------------------------------------------------------------
1358    049B    1406    Perdi	bsf	portb,0		;prende todos los led
1359    049C    1486    	bsf	portb,1
1360    049D    1506    	bsf	portb,2
1361    049E    1586    	bsf	portb,3
1362    049F    1606    	bsf	portb,4
1363    04A0    24E0    	call 	demora2
1364    04A1    0186    	clrf	portb		;apagar todos los led
1365    04A2    24E0    	call 	demora2
1366    04A3    1406    	bsf	portb,0		;prende todos los led
1367    04A4    1486    	bsf	portb,1
1368    04A5    1506    	bsf	portb,2
1369    04A6    1586    	bsf	portb,3
1370    04A7    1606    	bsf	portb,4
1371    04A8    24C7    	call 	demorav
1372    04A9    0186    	clrf	portb		;apagar todos los led
1373    04AA    24E0    	call 	demora2
1374    04AB    1406    	bsf	portb,0		;prende todos los led
1375    04AC    1486    	bsf	portb,1
1376    04AD    1506    	bsf	portb,2
1377    04AE    1586    	bsf	portb,3
1378    04AF    1606    	bsf	portb,4
1379    04B0    24E0    	call 	demora2
1380    04B1    0186    	clrf	portb		;apagar todos los led
1381    04B2    2837    	goto	inicio
1382    04B3            	;Ganaste (Win)------------------------------------------------------------
1383    04B3    1406    win	bsf	portb,0
1384    04B4    24C7    	call	demorav
1385    04B5    1486    	bsf	portb,1
1386    04B6    24C7    	call	demorav
1387    04B7    1506    	bsf	portb,2
1388    04B8    24C7    	call	demorav
1389    04B9    1586    	bsf	portb,3
1390    04BA    24C7    	call	demorav
1391    04BB    1606    	bsf	portb,4
1392    04BC    24C7    	call	demorav
1393    04BD    0186    	clrf	portb
1394    04BE    24C7    	call 	demorav
1395    04BF    1406    	bsf	portb,0
1396    04C0    1486    	bsf	portb,1
1397    04C1    1506    	bsf	portb,2
1398    04C2    1586    	bsf	portb,3
1399    04C3    1606    	bsf	portb,4
1400    04C4    24C7    	call 	demorav
1401    04C5    0186    	clrf	portb
1402    04C6    2837    	goto	inicio
1403    04C7            	;Demoras de tiempos------------------------------------------------------
1404    04C7            demorav	
1405    04C7    0181    	clrf	TMR0      	;TMR0=0 limpio el timer
1406    04C8    0830    	movfw   30h		;va 30H
1407    04C9    00FF    	movwf   7FH      	;permanente
1408    04CA    110B    pipa    bcf	intcon,2
1409    04CB    303D    	movlw	.61		;variable (tengo .61 = 50mseg) ESTABA 31H
1410    04CC    0081    	movwf   TMR0		;Permanente, 31h le pasa el .61 al timer
1411    04CD    1D0B    ni      btfss   intcon,2	;cuenta hasta llegar a cero
1412    04CE    2CCD    	goto	ni		;repite hasta llegar a cero
1413    04CF    2CD0    	goto	si9		;llego a cero intcon,2
1414    04D0    0BFF    si9     decfsz	7FH,f		;es la variable que se resta
1415    04D1    2CCA    	goto	pipa
1416    04D2    0008    	return          	;vuelve de donde vino----------------------------
1417    04D3            demora1	
1418    04D3    0181    	clrf	TMR0      	;TMR0=0 limpio el timer
1419    04D4    3003    	movlw   .3		;con esto hace un demora de 500 mseg
1420    04D5    00F8    	movwf   78H      	;permanente
1421    04D6    110B    pipa2   bcf	intcon,2
1422    04D7    303D    	movlw	.61		;variable (tengo .61 = 50mseg) ESTABA 31H
1423    04D8    0081    	movwf   TMR0		;Permanente, 31h le pasa el .61 al timer
1424    04D9    1D0B    niii19	btfss   intcon,2	;cuenta hasta llegar a cero
1425    04DA    2CD9    	goto	niii19		;repite hasta llegar a cero
1426    04DB    2CDC    	goto	sizzz		;llego a cero intcon,2
1427    04DC    0BF8    sizzz	decfsz	78H,f		;es la variable que se resta
1428    04DD    2CD6    	goto	pipa2                                            
1429    04DE    0008    	return	
1430    04DF    0008    	return			;;vuelve de donde vino----------------------------
1431    04E0            demora2	
1432    04E0    0181    	clrf	TMR0      	;TMR0=0 limpio el timer
1433    04E1    3004    	movlw   .4		;con esto hace un demora de 500 mseg
1434    04E2    00F8    	movwf   78H      	;permanente
1435    04E3    110B    pipa9   bcf	intcon,2
1436    04E4    303D    	movlw	.61		;variable (tengo .61 = 50mseg) ESTABA 31H
1437    04E5    0081    	movwf   TMR0		;Permanente, 31h le pasa el .61 al timer
1438    04E6    1D0B    niii2   btfss   intcon,2	;cuenta hasta llegar a cero
1439    04E7    2CE6    	goto	niii2		;repite hasta llegar a cero
1440    04E8    2CE9    	goto	siz		;llego a cero intcon,2
1441    04E9    0BF8    siz     decfsz	78H,f		;es la variable que se resta
1442    04EA    2CE3    	goto	pipa9
1443    04EB    0008    	return			
1444    04EC            demora3		
1445    04EC    0181    	clrf	TMR0      	;TMR0=0 limpio el timer
1446    04ED    3001    	movlw   .1		;con esto hace un demora de 500 mseg
1447    04EE    00C7    	movwf   47H      	;permanente
1448    04EF    110B    pipa3   bcf	intcon,2
1449    04F0    30FF    	movlw	.255		;variable (tengo .61 = 50mseg) ESTABA 31H
1450    04F1    0081    	movwf   TMR0		;Permanente, 31h le pasa el .61 al timer
1451    04F2    1D0B    niiii   btfss   intcon,2	;cuenta hasta llegar a cero
1452    04F3    2CF2    	goto	niiii		;repite hasta llegar a cero
1453    04F4    2CF5    	goto	sizz		;llego a cero intcon,2
1454    04F5    0BC7    sizz    decfsz	47H,f		;es la variable que se resta
1455    04F6    2CEF    	goto	pipa3
1456    04F7    0008    	return
1457    04F8            	;vuelve de donde vino-----------------------------------------------------------
---------------------------------------------
Number of errors = 0
